<?xml version="1.0" encoding="UTF-8"?>
<!-- Generated by org.testng.reporters.JUnitXMLReporter -->
<testsuite ignored="0" hostname="SUPREME" failures="0" tests="4" name="Test" time="12.145" errors="0" timestamp="2023-12-20T15:08:55 IST">
  <testcase classname="project.sampleTest" name="testcase" time="0.006"/>
  <testcase classname="project.sampleTest" name="testcase1" time="6.056"/>
  <testcase classname="project.sampleTest" name="testcase2" time="2.918"/>
  <testcase classname="project.sampleTest" name="testcase3" time="3.13"/>
</testsuite> <!-- Test -->
