<?xml version="1.0" encoding="UTF-8"?>
<testng-results ignored="0" total="1" passed="1" failed="0" skipped="0">
  <reporter-output>
  </reporter-output>
  <suite started-at="2023-12-23T14:35:10 IST" name="Default suite" finished-at="2023-12-23T14:35:22 IST" duration-ms="11864">
    <groups>
    </groups>
    <test started-at="2023-12-23T14:35:10 IST" name="Default test" finished-at="2023-12-23T14:35:22 IST" duration-ms="11864">
      <class name="ExtentReport.program">
        <test-method signature="report()[pri:0, instance:ExtentReport.program@f6efaab]" started-at="2023-12-23T14:35:10 IST" name="report" finished-at="2023-12-23T14:35:22 IST" duration-ms="11803" status="PASS">
          <reporter-output>
          </reporter-output>
        </test-method> <!-- report -->
      </class> <!-- ExtentReport.program -->
    </test> <!-- Default test -->
  </suite> <!-- Default suite -->
</testng-results>
